<?xml version="1.0" encoding="UTF-8"?>
<!-- Generated by org.testng.reporters.JUnitXMLReporter -->
<testsuite hostname="IMSS-JKR-CPU-31" ignored="0" name="Application Configuration Administration Test" tests="1" failures="0" timestamp="11 Nov 2019 08:59:07 GMT" time="1.815" errors="0">
  <testcase name="applicationConfigurationAdministrationTest" time="1.741" classname="work.myimss.test.testcases.ApplicationConfigurationAdministrationTest"/>
</testsuite> <!-- Application Configuration Administration Test -->
