<?xml version="1.0" encoding="UTF-8"?>
<!-- Generated by org.testng.reporters.JUnitXMLReporter -->
<testsuite hostname="IMSS-JKR-CPU-31" ignored="0" name="Application Configuration Administration Test" tests="1" failures="0" timestamp="23 Oct 2019 10:15:46 GMT" time="2.375" errors="0">
  <testcase name="applicationConfigurationAdministrationTest" time="2.306" classname="work.myimss.test.testcases.ApplicationConfigurationAdministrationTest"/>
</testsuite> <!-- Application Configuration Administration Test -->
