<?xml version="1.0" encoding="UTF-8"?>
<testsuite name="TestSuite" time="86.275" tests="27" errors="0" skipped="0" failures="1">
  <properties>
[...]
</properties>
  <testcase name="loginTest" classname="work.myimss.test.testcases.LoginTest" time="3.357"/>
  <testcase name="myimssAdminTest" classname="work.myimss.test.testcases.MyimssAdminTest" time="2.409"/>
  <testcase name="administrationTest" classname="work.myimss.test.testcases.AdministrationTest" time="0.335"/>
  <testcase name="roleManagementAdministrationTest" classname="work.myimss.test.testcases.RoleManagementAdministrationTest" time="3.765"/>
  <testcase name="createRoleTest" classname="work.myimss.test.testcases.CreateRoleTest" time="5.724"/>
  <testcase name="roleAdvancedSearchTest" classname="work.myimss.test.testcases.RoleAdvancedSearchTest" time="2.549"/>
  <testcase name="roleEditTest" classname="work.myimss.test.testcases.RoleEditTest" time="5.874"/>
  <testcase name="roleDeleteTest" classname="work.myimss.test.testcases.RoleDeleteTest" time="6.219"/>
  <testcase name="userManagementAdministrationTest" classname="work.myimss.test.testcases.UserManagementAdministrationTest" time="3.105"/>
  <testcase name="userAdvancedSearchTest" classname="work.myimss.test.testcases.UserAdvancedSearchTest" time="2.284"/>
  <testcase name="userEditTest" classname="work.myimss.test.testcases.UserEditTest" time="4.989"/>
  <testcase name="applicationConfigurationAdministrationTest" classname="work.myimss.test.testcases.ApplicationConfigurationAdministrationTest" time="2.304"/>
  <testcase name="appConfigAdvancedSearchTest" classname="work.myimss.test.testcases.AppConfigAdvancedSearchTest" time="2.294"/>
  <testcase name="appConfigEditTest" classname="work.myimss.test.testcases.AppConfigEditTest" time="4.59"/>
  <testcase name="mainMenuSkillsTest" classname="work.myimss.test.testcases.MainMenuTest" time="3.157"/>
  <testcase name="sepAdministrationTest" classname="work.myimss.test.testcases.SepAdministrationTest" time="0.894"/>
  <testcase name="sepApplicationConfigTest" classname="work.myimss.test.testcases.SepApplicationConfigTest" time="2.88"/>
  <testcase name="sepAppConfigAdvancedSearchTest" classname="work.myimss.test.testcases.SepAppConfigAdvancedSearchTest" time="2.539"/>
  <testcase name="sepAppConfigEditTest" classname="work.myimss.test.testcases.SepAppConfigEditTest" time="4.644"/>
  <testcase name="sepLangSubCategoryTest" classname="work.myimss.test.testcases.SepLangSubCategoryTest" time="2.498"/>
  <testcase name="sepCreateLangSubCategoryTest" classname="work.myimss.test.testcases.SepCreateLangSubCategoryTest" time="4.152"/>
  <testcase name="sepLangAdvancedSearchTest" classname="work.myimss.test.testcases.SepLangAdvancedSearchTest" time="1.849"/>
  <testcase name="sepLangEditTest" classname="work.myimss.test.testcases.SepLangEditTest" time="4.24"/>
  <testcase name="sepLangDeleteTest" classname="work.myimss.test.testcases.SepLangDeleteTest" time="4.507"/>
  <testcase name="sepEvaluationTest" classname="work.myimss.test.testcases.SepEvaluationTest" time="0.44"/>
  <testcase name="sepEvaluationRequestTest" classname="work.myimss.test.testcases.SepEvaluationRequestTest" time="2.142"/>
  <testcase name="sepCreateTestRequestTest" classname="work.myimss.test.testcases.SepCreateTestRequestTest" time="2.535">
    <failure message="element not interactable&#10;  (Session info: chrome=77.0.3865.120)&#10;Build info: version: &apos;3.141.59&apos;, revision: &apos;e82be7d358&apos;, time: &apos;2018-11-14T08:17:03&apos;&#10;System info: host: &apos;IMSS-JKR-CPU-31&apos;, ip: &apos;172.16.1.220&apos;, os.name: &apos;Windows 8.1&apos;, os.arch: &apos;amd64&apos;, os.version: &apos;6.3&apos;, java.version: &apos;1.8.0_201&apos;&#10;Driver info: org.openqa.selenium.chrome.ChromeDriver&#10;Capabilities {acceptInsecureCerts: false, browserName: chrome, browserVersion: 77.0.3865.120, chrome: {chromedriverVersion: 77.0.3865.40 (f484704e052e0..., userDataDir: C:\Users\shilpans\AppData\L...}, goog:chromeOptions: {debuggerAddress: localhost:62156}, javascriptEnabled: true, networkConnectionEnabled: false, pageLoadStrategy: normal, platform: XP, platformName: XP, proxy: Proxy(), setWindowRect: true, strictFileInteractability: false, timeouts: {implicit: 0, pageLoad: 300000, script: 30000}, unhandledPromptBehavior: dismiss and notify}&#10;Session ID: c5d9c6a5a41701ecfecb8fe9b272c13c" type="org.openqa.selenium.ElementNotInteractableException">org.openqa.selenium.ElementNotInteractableException: element not interactable
  (Session info: chrome=77.0.3865.120)
Build info: version: '3.141.59', revision: 'e82be7d358', time: '2018-11-14T08:17:03'
System info: host: 'IMSS-JKR-CPU-31', ip: '172.16.1.220', os.name: 'Windows 8.1', os.arch: 'amd64', os.version: '6.3', java.version: '1.8.0_201'
Driver info: org.openqa.selenium.chrome.ChromeDriver
Capabilities {acceptInsecureCerts: false, browserName: chrome, browserVersion: 77.0.3865.120, chrome: {chromedriverVersion: 77.0.3865.40 (f484704e052e0..., userDataDir: C:\Users\shilpans\AppData\L...}, goog:chromeOptions: {debuggerAddress: localhost:62156}, javascriptEnabled: true, networkConnectionEnabled: false, pageLoadStrategy: normal, platform: XP, platformName: XP, proxy: Proxy(), setWindowRect: true, strictFileInteractability: false, timeouts: {implicit: 0, pageLoad: 300000, script: 30000}, unhandledPromptBehavior: dismiss and notify}
Session ID: c5d9c6a5a41701ecfecb8fe9b272c13c
	at sun.reflect.NativeConstructorAccessorImpl.newInstance0(Native Method)
	at sun.reflect.NativeConstructorAccessorImpl.newInstance(NativeConstructorAccessorImpl.java:62)
	at sun.reflect.DelegatingConstructorAccessorImpl.newInstance(DelegatingConstructorAccessorImpl.java:45)
	at java.lang.reflect.Constructor.newInstance(Constructor.java:423)
	at org.openqa.selenium.remote.http.W3CHttpResponseCodec.createException(W3CHttpResponseCodec.java:187)
	at org.openqa.selenium.remote.http.W3CHttpResponseCodec.decode(W3CHttpResponseCodec.java:122)
	at org.openqa.selenium.remote.http.W3CHttpResponseCodec.decode(W3CHttpResponseCodec.java:49)
	at org.openqa.selenium.remote.HttpCommandExecutor.execute(HttpCommandExecutor.java:158)
	at org.openqa.selenium.remote.service.DriverCommandExecutor.execute(DriverCommandExecutor.java:83)
	at org.openqa.selenium.remote.RemoteWebDriver.execute(RemoteWebDriver.java:552)
	at org.openqa.selenium.remote.RemoteWebElement.execute(RemoteWebElement.java:285)
	at org.openqa.selenium.remote.RemoteWebElement.sendKeys(RemoteWebElement.java:106)
	at work.myimss.test.base.TestBase.type(TestBase.java:110)
	at work.myimss.test.testcases.SepCreateTestRequestTest.sepCreateTestRequestTest(SepCreateTestRequestTest.java:24)
</failure>
  </testcase>
</testsuite>