<?xml version="1.0" encoding="UTF-8"?>
<testng-results skipped="0" failed="1" ignored="0" total="27" passed="26">
  <reporter-output>
    <line>
      <![CDATA[Login Successfully executed!!!!!!!!!!]]>
    </line>
    <line>
      <![CDATA[MyimssAdminTest Successfully executed!!!!!!!!!!]]>
    </line>
    <line>
      <![CDATA[AdministrationTest Successfully executed!!!!!!!!!!]]>
    </line>
    <line>
      <![CDATA[RoleManagementAdministrationTest Successfully executed!!!!!!!!!!]]>
    </line>
    <line>
      <![CDATA[CreateRoleTest Successfully executed!!!!!!!!!!]]>
    </line>
    <line>
      <![CDATA[RoleAdvancedSearchTest Successfully executed!!!!!!!!!!]]>
    </line>
    <line>
      <![CDATA[RoleEditTest Successfully executed!!!!!!!!!!]]>
    </line>
    <line>
      <![CDATA[RoleDeleteTest Successfully executed!!!!!!!!!!]]>
    </line>
    <line>
      <![CDATA[UserManagementAdministration Test Successfully executed]]>
    </line>
    <line>
      <![CDATA[userAdvancedSearchTest Successfully executed]]>
    </line>
    <line>
      <![CDATA[UserAdvancedSearchTest Successfully executed!!!!!!!!!!]]>
    </line>
    <line>
      <![CDATA[UserEditTest Successfully executed!!!!!!!!!!]]>
    </line>
    <line>
      <![CDATA[ApplicationConfigurationAdministrationTest Succefully executed]]>
    </line>
    <line>
      <![CDATA[appConfigAdvancedSearchTest Successfully executed!!!!!!!!!!]]>
    </line>
    <line>
      <![CDATA[appConfigEditTest Successfully executed!!!!!!!!!!]]>
    </line>
    <line>
      <![CDATA[Successfully executed MainMenuTest]]>
    </line>
    <line>
      <![CDATA[SepAdministrationTest Successfully executed!!!!!!!!!!]]>
    </line>
    <line>
      <![CDATA[SepApplicationConfigTest Succefully executed]]>
    </line>
    <line>
      <![CDATA[SepAppConfigAdvancedSearchTest Successfully executed!!!!!!!!!!]]>
    </line>
    <line>
      <![CDATA[SepAppConfigEditTest Successfully executed!!!!!!!!!!]]>
    </line>
    <line>
      <![CDATA[SepLangSubCategoryTest Successfully executed]]>
    </line>
    <line>
      <![CDATA[SepCreateLangSubCategory Successfully executed!!!!!!!!!!]]>
    </line>
    <line>
      <![CDATA[SepLangAdvancedSearchTest Successfully executed!!!!!!!!!!]]>
    </line>
    <line>
      <![CDATA[SepLangEditTest Successfully executed!!!!!!!!!!]]>
    </line>
    <line>
      <![CDATA[SepLangDeleteTest Successfully executed!!!!!!!!!!]]>
    </line>
    <line>
      <![CDATA[SepEvaluationTest Successfully executed!!!!!!!!!!]]>
    </line>
    <line>
      <![CDATA[SepEvaluationRequestTest Successfully executed!!!!!!!!!!]]>
    </line>
    <line>
      <![CDATA[Click to see Screenshot]]>
    </line>
    <line>
      <![CDATA[<a target="_blank" href=Wed_Oct_23_15_46_31_IST_2019.jpg>Screenshot</a>]]>
    </line>
    <line>
      <![CDATA[<br>]]>
    </line>
    <line>
      <![CDATA[<br>]]>
    </line>
    <line>
      <![CDATA[<a target="_blank" href=Wed_Oct_23_15_46_31_IST_2019.jpg><img src=Wed_Oct_23_15_46_31_IST_2019.jpg height=200 width=200></img></a>]]>
    </line>
  </reporter-output>
  <suite name="Data Driven Basics" duration-ms="90333" started-at="2019-10-23T10:15:01Z" finished-at="2019-10-23T10:16:31Z">
    <groups>
    </groups>
    <test name="Login Test" duration-ms="4565" started-at="2019-10-23T10:15:01Z" finished-at="2019-10-23T10:15:06Z">
      <class name="work.myimss.test.testcases.LoginTest">
        <test-method status="PASS" signature="loginTest(java.lang.String, java.lang.String)[pri:0, instance:work.myimss.test.testcases.LoginTest@557caf28]" name="loginTest" duration-ms="3355" started-at="2019-10-23T15:45:01Z" data-provider="dp" finished-at="2019-10-23T15:45:04Z">
          <params>
            <param index="0">
              <value>
                <![CDATA[parimalas]]>
              </value>
            </param>
            <param index="1">
              <value>
                <![CDATA[int123$%^]]>
              </value>
            </param>
          </params>
          <reporter-output>
            <line>
              <![CDATA[Login Successfully executed!!!!!!!!!!]]>
            </line>
          </reporter-output>
        </test-method> <!-- loginTest -->
      </class> <!-- work.myimss.test.testcases.LoginTest -->
    </test> <!-- Login Test -->
    <test name="Myimss Admin Test" duration-ms="2482" started-at="2019-10-23T10:15:06Z" finished-at="2019-10-23T10:15:08Z">
      <class name="work.myimss.test.testcases.MyimssAdminTest">
        <test-method status="PASS" signature="myimssAdminTest()[pri:0, instance:work.myimss.test.testcases.MyimssAdminTest@5542c4ed]" name="myimssAdminTest" duration-ms="2347" started-at="2019-10-23T15:45:06Z" finished-at="2019-10-23T15:45:08Z">
          <reporter-output>
            <line>
              <![CDATA[MyimssAdminTest Successfully executed!!!!!!!!!!]]>
            </line>
          </reporter-output>
        </test-method> <!-- myimssAdminTest -->
      </class> <!-- work.myimss.test.testcases.MyimssAdminTest -->
    </test> <!-- Myimss Admin Test -->
    <test name="Administration Test" duration-ms="455" started-at="2019-10-23T10:15:08Z" finished-at="2019-10-23T10:15:09Z">
      <class name="work.myimss.test.testcases.AdministrationTest">
        <test-method status="PASS" signature="administrationTest()[pri:0, instance:work.myimss.test.testcases.AdministrationTest@2f4948e4]" name="administrationTest" duration-ms="335" started-at="2019-10-23T15:45:08Z" finished-at="2019-10-23T15:45:09Z">
          <reporter-output>
            <line>
              <![CDATA[AdministrationTest Successfully executed!!!!!!!!!!]]>
            </line>
          </reporter-output>
        </test-method> <!-- administrationTest -->
      </class> <!-- work.myimss.test.testcases.AdministrationTest -->
    </test> <!-- Administration Test -->
    <test name="Role MAnagement Administration Test" duration-ms="3826" started-at="2019-10-23T10:15:09Z" finished-at="2019-10-23T10:15:12Z">
      <class name="work.myimss.test.testcases.RoleManagementAdministrationTest">
        <test-method status="PASS" signature="roleManagementAdministrationTest()[pri:0, instance:work.myimss.test.testcases.RoleManagementAdministrationTest@139982de]" name="roleManagementAdministrationTest" duration-ms="3749" started-at="2019-10-23T15:45:09Z" finished-at="2019-10-23T15:45:12Z">
          <reporter-output>
            <line>
              <![CDATA[RoleManagementAdministrationTest Successfully executed!!!!!!!!!!]]>
            </line>
          </reporter-output>
        </test-method> <!-- roleManagementAdministrationTest -->
      </class> <!-- work.myimss.test.testcases.RoleManagementAdministrationTest -->
    </test> <!-- Role MAnagement Administration Test -->
    <test name="Create Role Test" duration-ms="6001" started-at="2019-10-23T10:15:12Z" finished-at="2019-10-23T10:15:18Z">
      <class name="work.myimss.test.testcases.CreateRoleTest">
        <test-method status="PASS" signature="createRoleTest(java.lang.String, java.lang.String, java.lang.String)[pri:0, instance:work.myimss.test.testcases.CreateRoleTest@6743e411]" name="createRoleTest" duration-ms="5727" started-at="2019-10-23T15:45:12Z" data-provider="dp" finished-at="2019-10-23T15:45:18Z">
          <params>
            <param index="0">
              <value>
                <![CDATA[zzz]]>
              </value>
            </param>
            <param index="1">
              <value>
                <![CDATA[test role]]>
              </value>
            </param>
            <param index="2">
              <value>
                <![CDATA[Employee]]>
              </value>
            </param>
          </params>
          <reporter-output>
            <line>
              <![CDATA[CreateRoleTest Successfully executed!!!!!!!!!!]]>
            </line>
          </reporter-output>
        </test-method> <!-- createRoleTest -->
      </class> <!-- work.myimss.test.testcases.CreateRoleTest -->
    </test> <!-- Create Role Test -->
    <test name="Advanced Search Test" duration-ms="2597" started-at="2019-10-23T10:15:19Z" finished-at="2019-10-23T10:15:21Z">
      <class name="work.myimss.test.testcases.RoleAdvancedSearchTest">
        <test-method status="PASS" signature="roleAdvancedSearchTest(java.lang.String)[pri:0, instance:work.myimss.test.testcases.RoleAdvancedSearchTest@5bda8e08]" name="roleAdvancedSearchTest" duration-ms="2532" started-at="2019-10-23T15:45:19Z" data-provider="dp" finished-at="2019-10-23T15:45:21Z">
          <params>
            <param index="0">
              <value>
                <![CDATA[zzz]]>
              </value>
            </param>
          </params>
          <reporter-output>
            <line>
              <![CDATA[RoleAdvancedSearchTest Successfully executed!!!!!!!!!!]]>
            </line>
          </reporter-output>
        </test-method> <!-- roleAdvancedSearchTest -->
      </class> <!-- work.myimss.test.testcases.RoleAdvancedSearchTest -->
    </test> <!-- Advanced Search Test -->
    <test name="Edit Role Test" duration-ms="5941" started-at="2019-10-23T10:15:21Z" finished-at="2019-10-23T10:15:27Z">
      <class name="work.myimss.test.testcases.RoleEditTest">
        <test-method status="PASS" signature="roleEditTest(java.lang.String, java.lang.String, java.lang.String)[pri:0, instance:work.myimss.test.testcases.RoleEditTest@3cd3e762]" name="roleEditTest" duration-ms="5875" started-at="2019-10-23T15:45:21Z" data-provider="dp" finished-at="2019-10-23T15:45:27Z">
          <params>
            <param index="0">
              <value>
                <![CDATA[zzz]]>
              </value>
            </param>
            <param index="1">
              <value>
                <![CDATA[test roles edited]]>
              </value>
            </param>
            <param index="2">
              <value>
                <![CDATA[Employee]]>
              </value>
            </param>
          </params>
          <reporter-output>
            <line>
              <![CDATA[RoleEditTest Successfully executed!!!!!!!!!!]]>
            </line>
          </reporter-output>
        </test-method> <!-- roleEditTest -->
      </class> <!-- work.myimss.test.testcases.RoleEditTest -->
    </test> <!-- Edit Role Test -->
    <test name="Role Delete Test" duration-ms="6284" started-at="2019-10-23T10:15:27Z" finished-at="2019-10-23T10:15:33Z">
      <class name="work.myimss.test.testcases.RoleDeleteTest">
        <test-method status="PASS" signature="roleDeleteTest()[pri:0, instance:work.myimss.test.testcases.RoleDeleteTest@15de0b3c]" name="roleDeleteTest" duration-ms="6219" started-at="2019-10-23T15:45:27Z" finished-at="2019-10-23T15:45:33Z">
          <reporter-output>
            <line>
              <![CDATA[RoleDeleteTest Successfully executed!!!!!!!!!!]]>
            </line>
          </reporter-output>
        </test-method> <!-- roleDeleteTest -->
      </class> <!-- work.myimss.test.testcases.RoleDeleteTest -->
    </test> <!-- Role Delete Test -->
    <test name="User Management Administration Test" duration-ms="3175" started-at="2019-10-23T10:15:33Z" finished-at="2019-10-23T10:15:37Z">
      <class name="work.myimss.test.testcases.UserManagementAdministrationTest">
        <test-method status="PASS" signature="userManagementAdministrationTest()[pri:0, instance:work.myimss.test.testcases.UserManagementAdministrationTest@79079097]" name="userManagementAdministrationTest" duration-ms="3106" started-at="2019-10-23T15:45:33Z" finished-at="2019-10-23T15:45:36Z">
          <reporter-output>
            <line>
              <![CDATA[UserManagementAdministration Test Successfully executed]]>
            </line>
          </reporter-output>
        </test-method> <!-- userManagementAdministrationTest -->
      </class> <!-- work.myimss.test.testcases.UserManagementAdministrationTest -->
    </test> <!-- User Management Administration Test -->
    <test name="User Advanced Search Test" duration-ms="2384" started-at="2019-10-23T10:15:37Z" finished-at="2019-10-23T10:15:39Z">
      <class name="work.myimss.test.testcases.UserAdvancedSearchTest">
        <test-method status="PASS" signature="userAdvancedSearchTest(java.lang.String)[pri:0, instance:work.myimss.test.testcases.UserAdvancedSearchTest@3d285d7e]" name="userAdvancedSearchTest" duration-ms="2266" started-at="2019-10-23T15:45:37Z" data-provider="dp" finished-at="2019-10-23T15:45:39Z">
          <params>
            <param index="0">
              <value>
                <![CDATA[suma]]>
              </value>
            </param>
          </params>
          <reporter-output>
            <line>
              <![CDATA[userAdvancedSearchTest Successfully executed]]>
            </line>
            <line>
              <![CDATA[UserAdvancedSearchTest Successfully executed!!!!!!!!!!]]>
            </line>
          </reporter-output>
        </test-method> <!-- userAdvancedSearchTest -->
      </class> <!-- work.myimss.test.testcases.UserAdvancedSearchTest -->
    </test> <!-- User Advanced Search Test -->
    <test name="User Edit Test" duration-ms="5061" started-at="2019-10-23T10:15:39Z" finished-at="2019-10-23T10:15:44Z">
      <class name="work.myimss.test.testcases.UserEditTest">
        <test-method status="PASS" signature="userEditTest()[pri:0, instance:work.myimss.test.testcases.UserEditTest@55fe41ea]" name="userEditTest" duration-ms="4986" started-at="2019-10-23T15:45:39Z" finished-at="2019-10-23T15:45:44Z">
          <reporter-output>
            <line>
              <![CDATA[UserEditTest Successfully executed!!!!!!!!!!]]>
            </line>
          </reporter-output>
        </test-method> <!-- userEditTest -->
      </class> <!-- work.myimss.test.testcases.UserEditTest -->
    </test> <!-- User Edit Test -->
    <test name="Application Configuration Administration Test" duration-ms="2375" started-at="2019-10-23T10:15:44Z" finished-at="2019-10-23T10:15:46Z">
      <class name="work.myimss.test.testcases.ApplicationConfigurationAdministrationTest">
        <test-method status="PASS" signature="applicationConfigurationAdministrationTest()[pri:0, instance:work.myimss.test.testcases.ApplicationConfigurationAdministrationTest@24aed80c]" name="applicationConfigurationAdministrationTest" duration-ms="2306" started-at="2019-10-23T15:45:44Z" finished-at="2019-10-23T15:45:46Z">
          <reporter-output>
            <line>
              <![CDATA[ApplicationConfigurationAdministrationTest Succefully executed]]>
            </line>
          </reporter-output>
        </test-method> <!-- applicationConfigurationAdministrationTest -->
      </class> <!-- work.myimss.test.testcases.ApplicationConfigurationAdministrationTest -->
    </test> <!-- Application Configuration Administration Test -->
    <test name="App Config Advanced Search Test" duration-ms="2360" started-at="2019-10-23T10:15:46Z" finished-at="2019-10-23T10:15:49Z">
      <class name="work.myimss.test.testcases.AppConfigAdvancedSearchTest">
        <test-method status="PASS" signature="appConfigAdvancedSearchTest(java.lang.String)[pri:0, instance:work.myimss.test.testcases.AppConfigAdvancedSearchTest@2925bf5b]" name="appConfigAdvancedSearchTest" duration-ms="2308" started-at="2019-10-23T15:45:47Z" data-provider="dp" finished-at="2019-10-23T15:45:49Z">
          <params>
            <param index="0">
              <value>
                <![CDATA[DCName]]>
              </value>
            </param>
          </params>
          <reporter-output>
            <line>
              <![CDATA[appConfigAdvancedSearchTest Successfully executed!!!!!!!!!!]]>
            </line>
          </reporter-output>
        </test-method> <!-- appConfigAdvancedSearchTest -->
      </class> <!-- work.myimss.test.testcases.AppConfigAdvancedSearchTest -->
    </test> <!-- App Config Advanced Search Test -->
    <test name="App Config Edit Test" duration-ms="4682" started-at="2019-10-23T10:15:49Z" finished-at="2019-10-23T10:15:54Z">
      <class name="work.myimss.test.testcases.AppConfigEditTest">
        <test-method status="PASS" signature="appConfigEditTest(java.lang.String)[pri:0, instance:work.myimss.test.testcases.AppConfigEditTest@7817fd62]" name="appConfigEditTest" duration-ms="4603" started-at="2019-10-23T15:45:49Z" data-provider="dp" finished-at="2019-10-23T15:45:53Z">
          <params>
            <param index="0">
              <value>
                <![CDATA[integramicro]]>
              </value>
            </param>
          </params>
          <reporter-output>
            <line>
              <![CDATA[appConfigEditTest Successfully executed!!!!!!!!!!]]>
            </line>
          </reporter-output>
        </test-method> <!-- appConfigEditTest -->
      </class> <!-- work.myimss.test.testcases.AppConfigEditTest -->
    </test> <!-- App Config Edit Test -->
    <test name="Main Menu Test" duration-ms="3179" started-at="2019-10-23T10:15:54Z" finished-at="2019-10-23T10:15:57Z">
      <class name="work.myimss.test.testcases.MainMenuTest">
        <test-method status="PASS" signature="mainMenuSkillsTest()[pri:0, instance:work.myimss.test.testcases.MainMenuTest@544fa968]" name="mainMenuSkillsTest" duration-ms="3120" started-at="2019-10-23T15:45:54Z" finished-at="2019-10-23T15:45:57Z">
          <reporter-output>
            <line>
              <![CDATA[Successfully executed MainMenuTest]]>
            </line>
          </reporter-output>
        </test-method> <!-- mainMenuSkillsTest -->
      </class> <!-- work.myimss.test.testcases.MainMenuTest -->
    </test> <!-- Main Menu Test -->
    <test name="Sep Administration Test" duration-ms="979" started-at="2019-10-23T10:15:57Z" finished-at="2019-10-23T10:15:58Z">
      <class name="work.myimss.test.testcases.SepAdministrationTest">
        <test-method status="PASS" signature="sepAdministrationTest()[pri:0, instance:work.myimss.test.testcases.SepAdministrationTest@77f1baf5]" name="sepAdministrationTest" duration-ms="901" started-at="2019-10-23T15:45:57Z" finished-at="2019-10-23T15:45:58Z">
          <reporter-output>
            <line>
              <![CDATA[SepAdministrationTest Successfully executed!!!!!!!!!!]]>
            </line>
          </reporter-output>
        </test-method> <!-- sepAdministrationTest -->
      </class> <!-- work.myimss.test.testcases.SepAdministrationTest -->
    </test> <!-- Sep Administration Test -->
    <test name="Sep Application Config Test" duration-ms="2940" started-at="2019-10-23T10:15:58Z" finished-at="2019-10-23T10:16:01Z">
      <class name="work.myimss.test.testcases.SepApplicationConfigTest">
        <test-method status="PASS" signature="sepApplicationConfigTest()[pri:0, instance:work.myimss.test.testcases.SepApplicationConfigTest@2df3b89c]" name="sepApplicationConfigTest" duration-ms="2897" started-at="2019-10-23T15:45:58Z" finished-at="2019-10-23T15:46:01Z">
          <reporter-output>
            <line>
              <![CDATA[SepApplicationConfigTest Succefully executed]]>
            </line>
          </reporter-output>
        </test-method> <!-- sepApplicationConfigTest -->
      </class> <!-- work.myimss.test.testcases.SepApplicationConfigTest -->
    </test> <!-- Sep Application Config Test -->
    <test name="Sep App Config Advanced Search Test" duration-ms="2589" started-at="2019-10-23T10:16:01Z" finished-at="2019-10-23T10:16:03Z">
      <class name="work.myimss.test.testcases.SepAppConfigAdvancedSearchTest">
        <test-method status="PASS" signature="sepAppConfigAdvancedSearchTest(java.lang.String)[pri:0, instance:work.myimss.test.testcases.SepAppConfigAdvancedSearchTest@2002fc1d]" name="sepAppConfigAdvancedSearchTest" duration-ms="2542" started-at="2019-10-23T15:46:01Z" data-provider="dp" finished-at="2019-10-23T15:46:03Z">
          <params>
            <param index="0">
              <value>
                <![CDATA[SMTP User]]>
              </value>
            </param>
          </params>
          <reporter-output>
            <line>
              <![CDATA[SepAppConfigAdvancedSearchTest Successfully executed!!!!!!!!!!]]>
            </line>
          </reporter-output>
        </test-method> <!-- sepAppConfigAdvancedSearchTest -->
      </class> <!-- work.myimss.test.testcases.SepAppConfigAdvancedSearchTest -->
    </test> <!-- Sep App Config Advanced Search Test -->
    <test name="Sep App Config Edit Test" duration-ms="4686" started-at="2019-10-23T10:16:03Z" finished-at="2019-10-23T10:16:08Z">
      <class name="work.myimss.test.testcases.SepAppConfigEditTest">
        <test-method status="PASS" signature="sepAppConfigEditTest(java.lang.String)[pri:0, instance:work.myimss.test.testcases.SepAppConfigEditTest@43c1b556]" name="sepAppConfigEditTest" duration-ms="4648" started-at="2019-10-23T15:46:03Z" data-provider="dp" finished-at="2019-10-23T15:46:08Z">
          <params>
            <param index="0">
              <value>
                <![CDATA[myim@imss.work]]>
              </value>
            </param>
          </params>
          <reporter-output>
            <line>
              <![CDATA[SepAppConfigEditTest Successfully executed!!!!!!!!!!]]>
            </line>
          </reporter-output>
        </test-method> <!-- sepAppConfigEditTest -->
      </class> <!-- work.myimss.test.testcases.SepAppConfigEditTest -->
    </test> <!-- Sep App Config Edit Test -->
    <test name="Sep Lang Sub Category Test" duration-ms="2543" started-at="2019-10-23T10:16:08Z" finished-at="2019-10-23T10:16:11Z">
      <class name="work.myimss.test.testcases.SepLangSubCategoryTest">
        <test-method status="PASS" signature="sepLangSubCategoryTest()[pri:0, instance:work.myimss.test.testcases.SepLangSubCategoryTest@305b7c14]" name="sepLangSubCategoryTest" duration-ms="2505" started-at="2019-10-23T15:46:08Z" finished-at="2019-10-23T15:46:10Z">
          <reporter-output>
            <line>
              <![CDATA[SepLangSubCategoryTest Successfully executed]]>
            </line>
          </reporter-output>
        </test-method> <!-- sepLangSubCategoryTest -->
      </class> <!-- work.myimss.test.testcases.SepLangSubCategoryTest -->
    </test> <!-- Sep Lang Sub Category Test -->
    <test name="Sep Create Lang Sub Category Test" duration-ms="4207" started-at="2019-10-23T10:16:11Z" finished-at="2019-10-23T10:16:15Z">
      <class name="work.myimss.test.testcases.SepCreateLangSubCategoryTest">
        <test-method status="PASS" signature="sepCreateLangSubCategoryTest(java.lang.String, java.lang.String)[pri:0, instance:work.myimss.test.testcases.SepCreateLangSubCategoryTest@13b6aecc]" name="sepCreateLangSubCategoryTest" duration-ms="4162" started-at="2019-10-23T15:46:11Z" data-provider="dp" finished-at="2019-10-23T15:46:15Z">
          <params>
            <param index="0">
              <value>
                <![CDATA[Java]]>
              </value>
            </param>
            <param index="1">
              <value>
                <![CDATA[j2ee]]>
              </value>
            </param>
          </params>
          <reporter-output>
            <line>
              <![CDATA[SepCreateLangSubCategory Successfully executed!!!!!!!!!!]]>
            </line>
          </reporter-output>
        </test-method> <!-- sepCreateLangSubCategoryTest -->
      </class> <!-- work.myimss.test.testcases.SepCreateLangSubCategoryTest -->
    </test> <!-- Sep Create Lang Sub Category Test -->
    <test name="Sep Lang Advanced Search Test" duration-ms="1888" started-at="2019-10-23T10:16:15Z" finished-at="2019-10-23T10:16:17Z">
      <class name="work.myimss.test.testcases.SepLangAdvancedSearchTest">
        <test-method status="PASS" signature="sepLangAdvancedSearchTest(java.lang.String)[pri:0, instance:work.myimss.test.testcases.SepLangAdvancedSearchTest@7530ad9c]" name="sepLangAdvancedSearchTest" duration-ms="1842" started-at="2019-10-23T15:46:15Z" data-provider="dp" finished-at="2019-10-23T15:46:17Z">
          <params>
            <param index="0">
              <value>
                <![CDATA[j2ee]]>
              </value>
            </param>
          </params>
          <reporter-output>
            <line>
              <![CDATA[SepLangAdvancedSearchTest Successfully executed!!!!!!!!!!]]>
            </line>
          </reporter-output>
        </test-method> <!-- sepLangAdvancedSearchTest -->
      </class> <!-- work.myimss.test.testcases.SepLangAdvancedSearchTest -->
    </test> <!-- Sep Lang Advanced Search Test -->
    <test name="Sep Lang Edit Test" duration-ms="4274" started-at="2019-10-23T10:16:17Z" finished-at="2019-10-23T10:16:21Z">
      <class name="work.myimss.test.testcases.SepLangEditTest">
        <test-method status="PASS" signature="sepLangEditTest(java.lang.String)[pri:0, instance:work.myimss.test.testcases.SepLangEditTest@33c911a1]" name="sepLangEditTest" duration-ms="4225" started-at="2019-10-23T15:46:17Z" data-provider="dp" finished-at="2019-10-23T15:46:21Z">
          <params>
            <param index="0">
              <value>
                <![CDATA[j2ee123]]>
              </value>
            </param>
          </params>
          <reporter-output>
            <line>
              <![CDATA[SepLangEditTest Successfully executed!!!!!!!!!!]]>
            </line>
          </reporter-output>
        </test-method> <!-- sepLangEditTest -->
      </class> <!-- work.myimss.test.testcases.SepLangEditTest -->
    </test> <!-- Sep Lang Edit Test -->
    <test name="Sep Lang Delete Test" duration-ms="4557" started-at="2019-10-23T10:16:21Z" finished-at="2019-10-23T10:16:25Z">
      <class name="work.myimss.test.testcases.SepLangDeleteTest">
        <test-method status="PASS" signature="sepLangDeleteTest()[pri:0, instance:work.myimss.test.testcases.SepLangDeleteTest@291caca8]" name="sepLangDeleteTest" duration-ms="4513" started-at="2019-10-23T15:46:21Z" finished-at="2019-10-23T15:46:25Z">
          <reporter-output>
            <line>
              <![CDATA[SepLangDeleteTest Successfully executed!!!!!!!!!!]]>
            </line>
          </reporter-output>
        </test-method> <!-- sepLangDeleteTest -->
      </class> <!-- work.myimss.test.testcases.SepLangDeleteTest -->
    </test> <!-- Sep Lang Delete Test -->
    <test name="Sep Evaluation Test" duration-ms="466" started-at="2019-10-23T10:16:25Z" finished-at="2019-10-23T10:16:26Z">
      <class name="work.myimss.test.testcases.SepEvaluationTest">
        <test-method status="PASS" signature="sepEvaluationTest()[pri:0, instance:work.myimss.test.testcases.SepEvaluationTest@1f59a598]" name="sepEvaluationTest" duration-ms="428" started-at="2019-10-23T15:46:25Z" finished-at="2019-10-23T15:46:26Z">
          <reporter-output>
            <line>
              <![CDATA[SepEvaluationTest Successfully executed!!!!!!!!!!]]>
            </line>
          </reporter-output>
        </test-method> <!-- sepEvaluationTest -->
      </class> <!-- work.myimss.test.testcases.SepEvaluationTest -->
    </test> <!-- Sep Evaluation Test -->
    <test name="Sep Evaluation Request Test" duration-ms="2174" started-at="2019-10-23T10:16:26Z" finished-at="2019-10-23T10:16:28Z">
      <class name="work.myimss.test.testcases.SepEvaluationRequestTest">
        <test-method status="PASS" signature="sepEvaluationRequestTest()[pri:0, instance:work.myimss.test.testcases.SepEvaluationRequestTest@1757cd72]" name="sepEvaluationRequestTest" duration-ms="2139" started-at="2019-10-23T15:46:26Z" finished-at="2019-10-23T15:46:28Z">
          <reporter-output>
            <line>
              <![CDATA[SepEvaluationRequestTest Successfully executed!!!!!!!!!!]]>
            </line>
          </reporter-output>
        </test-method> <!-- sepEvaluationRequestTest -->
      </class> <!-- work.myimss.test.testcases.SepEvaluationRequestTest -->
    </test> <!-- Sep Evaluation Request Test -->
    <test name="Sep Create Test Request Test" duration-ms="3173" started-at="2019-10-23T10:16:28Z" finished-at="2019-10-23T10:16:31Z">
      <class name="work.myimss.test.testcases.SepCreateTestRequestTest">
        <test-method status="PASS" signature="setUp()[pri:0, instance:work.myimss.test.testcases.SepCreateTestRequestTest@6aaceffd]" name="setUp" is-config="true" duration-ms="9461" started-at="2019-10-23T15:44:52Z" finished-at="2019-10-23T15:45:01Z">
          <reporter-output>
          </reporter-output>
        </test-method> <!-- setUp -->
        <test-method status="FAIL" signature="sepCreateTestRequestTest(java.lang.String, java.lang.String, java.lang.String, java.lang.String, java.lang.String, java.lang.String)[pri:0, instance:work.myimss.test.testcases.SepCreateTestRequestTest@6aaceffd]" name="sepCreateTestRequestTest" duration-ms="2521" started-at="2019-10-23T15:46:28Z" data-provider="dp" finished-at="2019-10-23T15:46:31Z">
          <params>
            <param index="0">
              <value>
                <![CDATA[2019A]]>
              </value>
            </param>
            <param index="1">
              <value>
                <![CDATA[1920.0]]>
              </value>
            </param>
            <param index="2">
              <value>
                <![CDATA[Internal Requirement ]]>
              </value>
            </param>
            <param index="3">
              <value>
                <![CDATA[Shilpa N S]]>
              </value>
            </param>
            <param index="4">
              <value>
                <![CDATA[2-3 years testing experience]]>
              </value>
            </param>
            <param index="5">
              <value>
                <![CDATA[24-12-2020]]>
              </value>
            </param>
          </params>
          <exception class="org.openqa.selenium.ElementNotInteractableException">
            <message>
              <![CDATA[element not interactable
  (Session info: chrome=77.0.3865.120)
Build info: version: '3.141.59', revision: 'e82be7d358', time: '2018-11-14T08:17:03'
System info: host: 'IMSS-JKR-CPU-31', ip: '172.16.1.220', os.name: 'Windows 8.1', os.arch: 'amd64', os.version: '6.3', java.version: '1.8.0_201'
Driver info: org.openqa.selenium.chrome.ChromeDriver
Capabilities {acceptInsecureCerts: false, browserName: chrome, browserVersion: 77.0.3865.120, chrome: {chromedriverVersion: 77.0.3865.40 (f484704e052e0..., userDataDir: C:\Users\shilpans\AppData\L...}, goog:chromeOptions: {debuggerAddress: localhost:62156}, javascriptEnabled: true, networkConnectionEnabled: false, pageLoadStrategy: normal, platform: XP, platformName: XP, proxy: Proxy(), setWindowRect: true, strictFileInteractability: false, timeouts: {implicit: 0, pageLoad: 300000, script: 30000}, unhandledPromptBehavior: dismiss and notify}
Session ID: c5d9c6a5a41701ecfecb8fe9b272c13c]]>
            </message>
            <full-stacktrace>
              <![CDATA[org.openqa.selenium.ElementNotInteractableException: element not interactable
  (Session info: chrome=77.0.3865.120)
Build info: version: '3.141.59', revision: 'e82be7d358', time: '2018-11-14T08:17:03'
System info: host: 'IMSS-JKR-CPU-31', ip: '172.16.1.220', os.name: 'Windows 8.1', os.arch: 'amd64', os.version: '6.3', java.version: '1.8.0_201'
Driver info: org.openqa.selenium.chrome.ChromeDriver
Capabilities {acceptInsecureCerts: false, browserName: chrome, browserVersion: 77.0.3865.120, chrome: {chromedriverVersion: 77.0.3865.40 (f484704e052e0..., userDataDir: C:\Users\shilpans\AppData\L...}, goog:chromeOptions: {debuggerAddress: localhost:62156}, javascriptEnabled: true, networkConnectionEnabled: false, pageLoadStrategy: normal, platform: XP, platformName: XP, proxy: Proxy(), setWindowRect: true, strictFileInteractability: false, timeouts: {implicit: 0, pageLoad: 300000, script: 30000}, unhandledPromptBehavior: dismiss and notify}
Session ID: c5d9c6a5a41701ecfecb8fe9b272c13c
	at sun.reflect.NativeConstructorAccessorImpl.newInstance0(Native Method)
	at sun.reflect.NativeConstructorAccessorImpl.newInstance(NativeConstructorAccessorImpl.java:62)
	at sun.reflect.DelegatingConstructorAccessorImpl.newInstance(DelegatingConstructorAccessorImpl.java:45)
	at java.lang.reflect.Constructor.newInstance(Constructor.java:423)
	at org.openqa.selenium.remote.http.W3CHttpResponseCodec.createException(W3CHttpResponseCodec.java:187)
	at org.openqa.selenium.remote.http.W3CHttpResponseCodec.decode(W3CHttpResponseCodec.java:122)
	at org.openqa.selenium.remote.http.W3CHttpResponseCodec.decode(W3CHttpResponseCodec.java:49)
	at org.openqa.selenium.remote.HttpCommandExecutor.execute(HttpCommandExecutor.java:158)
	at org.openqa.selenium.remote.service.DriverCommandExecutor.execute(DriverCommandExecutor.java:83)
	at org.openqa.selenium.remote.RemoteWebDriver.execute(RemoteWebDriver.java:552)
	at org.openqa.selenium.remote.RemoteWebElement.execute(RemoteWebElement.java:285)
	at org.openqa.selenium.remote.RemoteWebElement.sendKeys(RemoteWebElement.java:106)
	at work.myimss.test.base.TestBase.type(TestBase.java:110)
	at work.myimss.test.testcases.SepCreateTestRequestTest.sepCreateTestRequestTest(SepCreateTestRequestTest.java:24)
	at sun.reflect.NativeMethodAccessorImpl.invoke0(Native Method)
	at sun.reflect.NativeMethodAccessorImpl.invoke(NativeMethodAccessorImpl.java:62)
	at sun.reflect.DelegatingMethodAccessorImpl.invoke(DelegatingMethodAccessorImpl.java:43)
	at java.lang.reflect.Method.invoke(Method.java:498)
	at org.testng.internal.MethodInvocationHelper.invokeMethod(MethodInvocationHelper.java:108)
	at org.testng.internal.Invoker.invokeMethod(Invoker.java:661)
	at org.testng.internal.Invoker.invokeTestMethod(Invoker.java:869)
	at org.testng.internal.Invoker.invokeTestMethods(Invoker.java:1193)
	at org.testng.internal.TestMethodWorker.invokeTestMethods(TestMethodWorker.java:126)
	at org.testng.internal.TestMethodWorker.run(TestMethodWorker.java:109)
	at org.testng.TestRunner.privateRun(TestRunner.java:744)
	at org.testng.TestRunner.run(TestRunner.java:602)
	at org.testng.SuiteRunner.runTest(SuiteRunner.java:380)
	at org.testng.SuiteRunner.runSequentially(SuiteRunner.java:375)
	at org.testng.SuiteRunner.privateRun(SuiteRunner.java:340)
	at org.testng.SuiteRunner.run(SuiteRunner.java:289)
	at org.testng.SuiteRunnerWorker.runSuite(SuiteRunnerWorker.java:52)
	at org.testng.SuiteRunnerWorker.run(SuiteRunnerWorker.java:86)
	at org.testng.TestNG.runSuitesSequentially(TestNG.java:1301)
	at org.testng.TestNG.runSuitesLocally(TestNG.java:1226)
	at org.testng.TestNG.runSuites(TestNG.java:1144)
	at org.testng.TestNG.run(TestNG.java:1115)
	at org.apache.maven.surefire.testng.TestNGExecutor.run(TestNGExecutor.java:295)
	at org.apache.maven.surefire.testng.TestNGXmlTestSuite.execute(TestNGXmlTestSuite.java:84)
	at org.apache.maven.surefire.testng.TestNGProvider.invoke(TestNGProvider.java:90)
	at org.apache.maven.surefire.booter.ForkedBooter.invokeProviderInSameClassLoader(ForkedBooter.java:203)
	at org.apache.maven.surefire.booter.ForkedBooter.runSuitesInProcess(ForkedBooter.java:155)
	at org.apache.maven.surefire.booter.ForkedBooter.main(ForkedBooter.java:103)
]]>
            </full-stacktrace>
          </exception> <!-- org.openqa.selenium.ElementNotInteractableException -->
          <reporter-output>
            <line>
              <![CDATA[Click to see Screenshot]]>
            </line>
            <line>
              <![CDATA[<a target="_blank" href=Wed_Oct_23_15_46_31_IST_2019.jpg>Screenshot</a>]]>
            </line>
            <line>
              <![CDATA[<br>]]>
            </line>
            <line>
              <![CDATA[<br>]]>
            </line>
            <line>
              <![CDATA[<a target="_blank" href=Wed_Oct_23_15_46_31_IST_2019.jpg><img src=Wed_Oct_23_15_46_31_IST_2019.jpg height=200 width=200></img></a>]]>
            </line>
          </reporter-output>
        </test-method> <!-- sepCreateTestRequestTest -->
        <test-method status="PASS" signature="tearDown()[pri:0, instance:work.myimss.test.testcases.SepCreateTestRequestTest@6aaceffd]" name="tearDown" is-config="true" duration-ms="0" started-at="2019-10-23T15:46:31Z" finished-at="2019-10-23T15:46:31Z">
          <reporter-output>
          </reporter-output>
        </test-method> <!-- tearDown -->
      </class> <!-- work.myimss.test.testcases.SepCreateTestRequestTest -->
    </test> <!-- Sep Create Test Request Test -->
  </suite> <!-- Data Driven Basics -->
</testng-results>
