<?xml version="1.0" encoding="UTF-8"?>
<!-- Generated by org.testng.reporters.JUnitXMLReporter -->
<testsuite hostname="IMSS-JKR-CPU-31" ignored="0" name="App Config Edit Test" tests="1" failures="1" timestamp="30 Oct 2019 11:17:16 GMT" time="0.524" errors="0">
  <testcase name="appConfigEditTest" time="0.003" classname="work.myimss.test.testcases.AppConfigEditTest">
    <failure type="org.testng.internal.reflect.MethodMatcherException" message="
Data provider mismatch
Method: appConfigEditTest([Parameter{index=0, type=java.lang.String, declaredAnnotations=[]}])
Arguments: [(java.util.Hashtable){configValue=integramicro }]">
      <![CDATA[org.testng.internal.reflect.MethodMatcherException: 
Data provider mismatch
Method: appConfigEditTest([Parameter{index=0, type=java.lang.String, declaredAnnotations=[]}])
Arguments: [(java.util.Hashtable){configValue=integramicro }]
... Removed 20 stack frames]]>
    </failure>
  </testcase> <!-- appConfigEditTest -->
</testsuite> <!-- App Config Edit Test -->
