<?xml version="1.0" encoding="UTF-8"?>
<!-- Generated by org.testng.reporters.JUnitXMLReporter -->
<testsuite hostname="IMSS-JKR-CPU-31" ignored="0" name="Create Role Test" tests="1" failures="1" timestamp="30 Oct 2019 11:16:41 GMT" time="0.74" errors="0">
  <testcase name="createRoleTest" time="0.014" classname="work.myimss.test.testcases.CreateRoleTest">
    <failure type="org.testng.internal.reflect.MethodMatcherException" message="
Data provider mismatch
Method: createRoleTest([Parameter{index=0, type=java.lang.String, declaredAnnotations=[]}, Parameter{index=1, type=java.lang.String, declaredAnnotations=[]}, Parameter{index=2, type=java.lang.String, declaredAnnotations=[]}])
Arguments: [(java.util.Hashtable){rolename=zzz, roledescription=test role, emsrole=Employee}]">
      <![CDATA[org.testng.internal.reflect.MethodMatcherException: 
Data provider mismatch
Method: createRoleTest([Parameter{index=0, type=java.lang.String, declaredAnnotations=[]}, Parameter{index=1, type=java.lang.String, declaredAnnotations=[]}, Parameter{index=2, type=java.lang.String, declaredAnnotations=[]}])
Arguments: [(java.util.Hashtable){rolename=zzz, roledescription=test role, emsrole=Employee}]
... Removed 20 stack frames]]>
    </failure>
  </testcase> <!-- createRoleTest -->
</testsuite> <!-- Create Role Test -->
