<?xml version="1.0" encoding="UTF-8"?>
<!-- Generated by org.testng.reporters.JUnitXMLReporter -->
<testsuite hostname="IMSS-JKR-CPU-31" ignored="0" name="Edit Role Test" tests="1" failures="1" timestamp="30 Oct 2019 11:16:42 GMT" time="0.49" errors="0">
  <testcase name="roleEditTest" time="0.004" classname="work.myimss.test.testcases.RoleEditTest">
    <failure type="org.testng.internal.reflect.MethodMatcherException" message="
Data provider mismatch
Method: roleEditTest([Parameter{index=0, type=java.lang.String, declaredAnnotations=[]}, Parameter{index=1, type=java.lang.String, declaredAnnotations=[]}, Parameter{index=2, type=java.lang.String, declaredAnnotations=[]}])
Arguments: [(java.util.Hashtable){rolename=zzz, roledescription=test roles edited, emsrole=Employee}]">
      <![CDATA[org.testng.internal.reflect.MethodMatcherException: 
Data provider mismatch
Method: roleEditTest([Parameter{index=0, type=java.lang.String, declaredAnnotations=[]}, Parameter{index=1, type=java.lang.String, declaredAnnotations=[]}, Parameter{index=2, type=java.lang.String, declaredAnnotations=[]}])
Arguments: [(java.util.Hashtable){rolename=zzz, roledescription=test roles edited, emsrole=Employee}]
... Removed 20 stack frames]]>
    </failure>
  </testcase> <!-- roleEditTest -->
</testsuite> <!-- Edit Role Test -->
