<?xml version="1.0" encoding="UTF-8"?>
<!-- Generated by org.testng.reporters.JUnitXMLReporter -->
<testsuite hostname="IMSS-JKR-CPU-31" ignored="0" name="Sep App Config Edit Test" tests="1" failures="1" timestamp="30 Oct 2019 11:17:23 GMT" time="0.521" errors="0">
  <testcase name="sepAppConfigEditTest" time="0.001" classname="work.myimss.test.testcases.SepAppConfigEditTest">
    <failure type="org.testng.internal.reflect.MethodMatcherException" message="
Data provider mismatch
Method: sepAppConfigEditTest([Parameter{index=0, type=java.lang.String, declaredAnnotations=[]}])
Arguments: [(java.util.Hashtable){configValue=myim@imss.work}]">
      <![CDATA[org.testng.internal.reflect.MethodMatcherException: 
Data provider mismatch
Method: sepAppConfigEditTest([Parameter{index=0, type=java.lang.String, declaredAnnotations=[]}])
Arguments: [(java.util.Hashtable){configValue=myim@imss.work}]
... Removed 20 stack frames]]>
    </failure>
  </testcase> <!-- sepAppConfigEditTest -->
</testsuite> <!-- Sep App Config Edit Test -->
