<?xml version="1.0" encoding="UTF-8"?>
<!-- Generated by org.testng.reporters.JUnitXMLReporter -->
<testsuite hostname="IMSS-JKR-CPU-31" ignored="0" name="Sep Lang Edit Test" tests="1" failures="1" timestamp="30 Oct 2019 11:17:27 GMT" time="0.514" errors="0">
  <testcase name="sepLangEditTest" time="0.0" classname="work.myimss.test.testcases.SepLangEditTest">
    <failure type="org.testng.internal.reflect.MethodMatcherException" message="
Data provider mismatch
Method: sepLangEditTest([Parameter{index=0, type=java.lang.String, declaredAnnotations=[]}])
Arguments: [(java.util.Hashtable){name=j2ee123}]">
      <![CDATA[org.testng.internal.reflect.MethodMatcherException: 
Data provider mismatch
Method: sepLangEditTest([Parameter{index=0, type=java.lang.String, declaredAnnotations=[]}])
Arguments: [(java.util.Hashtable){name=j2ee123}]
... Removed 20 stack frames]]>
    </failure>
  </testcase> <!-- sepLangEditTest -->
</testsuite> <!-- Sep Lang Edit Test -->
