<?xml version="1.0" encoding="UTF-8"?>
<!-- Generated by org.testng.reporters.JUnitXMLReporter -->
<testsuite hostname="IMSS-JKR-CPU-31" ignored="0" name="Sep Create Lang Sub Category Test" tests="1" failures="1" timestamp="30 Oct 2019 11:17:26 GMT" time="0.549" errors="0">
  <testcase name="sepCreateLangSubCategoryTest" time="0.004" classname="work.myimss.test.testcases.SepCreateLangSubCategoryTest">
    <failure type="org.testng.internal.reflect.MethodMatcherException" message="
Data provider mismatch
Method: sepCreateLangSubCategoryTest([Parameter{index=0, type=java.lang.String, declaredAnnotations=[]}, Parameter{index=1, type=java.lang.String, declaredAnnotations=[]}])
Arguments: [(java.util.Hashtable){name=j2ee, language=Java}]">
      <![CDATA[org.testng.internal.reflect.MethodMatcherException: 
Data provider mismatch
Method: sepCreateLangSubCategoryTest([Parameter{index=0, type=java.lang.String, declaredAnnotations=[]}, Parameter{index=1, type=java.lang.String, declaredAnnotations=[]}])
Arguments: [(java.util.Hashtable){name=j2ee, language=Java}]
... Removed 20 stack frames]]>
    </failure>
  </testcase> <!-- sepCreateLangSubCategoryTest -->
</testsuite> <!-- Sep Create Lang Sub Category Test -->
