<?xml version="1.0" encoding="UTF-8"?>
<!-- Generated by org.testng.reporters.JUnitXMLReporter -->
<testsuite hostname="IMSS-JKR-CPU-31" ignored="0" name="Sep Lang Advanced Search Test" tests="1" failures="1" timestamp="30 Oct 2019 11:17:26 GMT" time="0.511" errors="0">
  <testcase name="sepLangAdvancedSearchTest" time="0.0" classname="work.myimss.test.testcases.SepLangAdvancedSearchTest">
    <failure type="org.testng.internal.reflect.MethodMatcherException" message="
Data provider mismatch
Method: sepLangAdvancedSearchTest([Parameter{index=0, type=java.lang.String, declaredAnnotations=[]}])
Arguments: [(java.util.Hashtable){name=j2ee, =}]">
      <![CDATA[org.testng.internal.reflect.MethodMatcherException: 
Data provider mismatch
Method: sepLangAdvancedSearchTest([Parameter{index=0, type=java.lang.String, declaredAnnotations=[]}])
Arguments: [(java.util.Hashtable){name=j2ee, =}]
... Removed 20 stack frames]]>
    </failure>
  </testcase> <!-- sepLangAdvancedSearchTest -->
</testsuite> <!-- Sep Lang Advanced Search Test -->
