<?xml version="1.0" encoding="UTF-8"?>
<!-- Generated by org.testng.reporters.JUnitXMLReporter -->
<testsuite hostname="IMSS-JKR-CPU-31" ignored="0" name="Sep Define Section Test" tests="1" failures="1" timestamp="30 Oct 2019 11:17:54 GMT" time="0.489" errors="0">
  <testcase name="sepDefineSectionTest" time="0.002" classname="work.myimss.test.testcases.SepDefineSectionTest">
    <failure type="org.testng.internal.reflect.MethodMatcherException" message="
Data provider mismatch
Method: sepDefineSectionTest([Parameter{index=0, type=java.lang.String, declaredAnnotations=[]}, Parameter{index=1, type=java.lang.String, declaredAnnotations=[]}, Parameter{index=2, type=java.lang.String, declaredAnnotations=[]}, Parameter{index=3, type=java.lang.String, declaredAnnotations=[]}, Parameter{index=4, type=java.lang.String, declaredAnnotations=[]}, Parameter{index=5, type=java.lang.String, declaredAnnotations=[]}, Parameter{index=6, type=java.lang.String, declaredAnnotations=[]}, Parameter{index=7, type=java.lang.String, declaredAnnotations=[]}])
Arguments: [(java.util.Hashtable){maxTime=60.0, questionType=Single Select MCQ, sectionName=Section A, maxQuestions=3.0, totalSection=1.0, langSubCategory=General Apptitude, cutOffPercent=50.0, langType=Apptitude}]">
      <![CDATA[org.testng.internal.reflect.MethodMatcherException: 
Data provider mismatch
Method: sepDefineSectionTest([Parameter{index=0, type=java.lang.String, declaredAnnotations=[]}, Parameter{index=1, type=java.lang.String, declaredAnnotations=[]}, Parameter{index=2, type=java.lang.String, declaredAnnotations=[]}, Parameter{index=3, type=java.lang.String, declaredAnnotations=[]}, Parameter{index=4, type=java.lang.String, declaredAnnotations=[]}, Parameter{index=5, type=java.lang.String, declaredAnnotations=[]}, Parameter{index=6, type=java.lang.String, declaredAnnotations=[]}, Parameter{index=7, type=java.lang.String, declaredAnnotations=[]}])
Arguments: [(java.util.Hashtable){maxTime=60.0, questionType=Single Select MCQ, sectionName=Section A, maxQuestions=3.0, totalSection=1.0, langSubCategory=General Apptitude, cutOffPercent=50.0, langType=Apptitude}]
... Removed 20 stack frames]]>
    </failure>
  </testcase> <!-- sepDefineSectionTest -->
</testsuite> <!-- Sep Define Section Test -->
