<?xml version="1.0" encoding="UTF-8"?>
<!-- Generated by org.testng.reporters.JUnitXMLReporter -->
<testsuite hostname="IMSS-JKR-CPU-31" ignored="0" name="Sep Create Test Request Test" tests="1" failures="1" timestamp="30 Oct 2019 11:17:51 GMT" time="0.546" errors="0">
  <testcase name="sepCreateTestRequestTest" time="0.051" classname="work.myimss.test.testcases.SepCreateTestRequestTest">
    <failure type="org.testng.internal.reflect.MethodMatcherException" message="
Data provider mismatch
Method: sepCreateTestRequestTest([Parameter{index=0, type=java.lang.String, declaredAnnotations=[]}, Parameter{index=1, type=java.lang.String, declaredAnnotations=[]}, Parameter{index=2, type=java.lang.String, declaredAnnotations=[]}, Parameter{index=3, type=java.lang.String, declaredAnnotations=[]}, Parameter{index=4, type=java.lang.String, declaredAnnotations=[]}, Parameter{index=5, type=java.lang.String, declaredAnnotations=[]}])
Arguments: [(java.util.Hashtable){requestType=Internal Requirement , assignTo=Shilpa N S, hiringId=2019A, emsId=1920.0, endDate=24-12-2020, jobDescription=2-3 years testing experience}]">
      <![CDATA[org.testng.internal.reflect.MethodMatcherException: 
Data provider mismatch
Method: sepCreateTestRequestTest([Parameter{index=0, type=java.lang.String, declaredAnnotations=[]}, Parameter{index=1, type=java.lang.String, declaredAnnotations=[]}, Parameter{index=2, type=java.lang.String, declaredAnnotations=[]}, Parameter{index=3, type=java.lang.String, declaredAnnotations=[]}, Parameter{index=4, type=java.lang.String, declaredAnnotations=[]}, Parameter{index=5, type=java.lang.String, declaredAnnotations=[]}])
Arguments: [(java.util.Hashtable){requestType=Internal Requirement , assignTo=Shilpa N S, hiringId=2019A, emsId=1920.0, endDate=24-12-2020, jobDescription=2-3 years testing experience}]
... Removed 20 stack frames]]>
    </failure>
  </testcase> <!-- sepCreateTestRequestTest -->
</testsuite> <!-- Sep Create Test Request Test -->
