<?xml version="1.0" encoding="UTF-8"?>
<!-- Generated by org.testng.reporters.JUnitXMLReporter -->
<testsuite hostname="IMSS-JKR-CPU-31" ignored="0" name="User Advanced Search Test" tests="1" failures="1" timestamp="30 Oct 2019 11:17:06 GMT" time="0.475" errors="0">
  <testcase name="userAdvancedSearchTest" time="0.002" classname="work.myimss.test.testcases.UserAdvancedSearchTest">
    <failure type="org.testng.internal.reflect.MethodMatcherException" message="
Data provider mismatch
Method: userAdvancedSearchTest([Parameter{index=0, type=java.lang.String, declaredAnnotations=[]}])
Arguments: [(java.util.Hashtable){fname=suma}]">
      <![CDATA[org.testng.internal.reflect.MethodMatcherException: 
Data provider mismatch
Method: userAdvancedSearchTest([Parameter{index=0, type=java.lang.String, declaredAnnotations=[]}])
Arguments: [(java.util.Hashtable){fname=suma}]
... Removed 20 stack frames]]>
    </failure>
  </testcase> <!-- userAdvancedSearchTest -->
</testsuite> <!-- User Advanced Search Test -->
