<?xml version="1.0" encoding="UTF-8"?>
<testsuite name="Sep Define Section Test"
           tests="1"
           failures="1"
           errors="0"
           skipped="0"
           time="0.002">
  <properties />
            <testcase name="sepDefineSectionTest" time="0.002" classname="work.myimss.test.testcases.SepDefineSectionTest">
                <failure type="org.testng.internal.reflect.MethodMatcherException"
                  message="
Data provider mismatch
Method: sepDefineSectionTest([Parameter{index=0, type=java.lang.String, declaredAnnotations=[]}, Parameter{index=1, type=java.lang.String, declaredAnnotations=[]}, Parameter{index=2, type=java.lang.String, declaredAnnotations=[]}, Parameter{index=3, type=java.lang.String, declaredAnnotations=[]}, Parameter{index=4, type=java.lang.String, declaredAnnotations=[]}, Parameter{index=5, type=java.lang.String, declaredAnnotations=[]}, Parameter{index=6, type=java.lang.String, declaredAnnotations=[]}, Parameter{index=7, type=java.lang.String, declaredAnnotations=[]}])
Arguments: [(java.util.Hashtable){maxTime=60.0, questionType=Single Select MCQ, sectionName=Section A, maxQuestions=3.0, totalSection=1.0, langSubCategory=General Apptitude, cutOffPercent=50.0, langType=Apptitude}]"
              >
<![CDATA[org.testng.internal.reflect.MethodMatcherException: 
Data provider mismatch
Method: sepDefineSectionTest([Parameter{index=0, type=java.lang.String, declaredAnnotations=[]}, Parameter{index=1, type=java.lang.String, declaredAnnotations=[]}, Parameter{index=2, type=java.lang.String, declaredAnnotations=[]}, Parameter{index=3, type=java.lang.String, declaredAnnotations=[]}, Parameter{index=4, type=java.lang.String, declaredAnnotations=[]}, Parameter{index=5, type=java.lang.String, declaredAnnotations=[]}, Parameter{index=6, type=java.lang.String, declaredAnnotations=[]}, Parameter{index=7, type=java.lang.String, declaredAnnotations=[]}])
Arguments: [(java.util.Hashtable){maxTime=60.0, questionType=Single Select MCQ, sectionName=Section A, maxQuestions=3.0, totalSection=1.0, langSubCategory=General Apptitude, cutOffPercent=50.0, langType=Apptitude}]
  org.testng.internal.reflect.DataProviderMethodMatcher.getConformingArguments(DataProviderMethodMatcher.java:49)
  org.testng.internal.Invoker.injectParameters(Invoker.java:1293)
  org.testng.internal.Invoker.invokeTestMethods(Invoker.java:1187)
  org.testng.internal.TestMethodWorker.invokeTestMethods(TestMethodWorker.java:126)
  org.testng.internal.TestMethodWorker.run(TestMethodWorker.java:109)
  org.testng.TestRunner.privateRun(TestRunner.java:744)
  org.testng.TestRunner.run(TestRunner.java:602)
  org.testng.SuiteRunner.runTest(SuiteRunner.java:380)
  org.testng.SuiteRunner.runSequentially(SuiteRunner.java:375)
  org.testng.SuiteRunner.privateRun(SuiteRunner.java:340)
  org.testng.SuiteRunner.run(SuiteRunner.java:289)
  org.testng.SuiteRunnerWorker.runSuite(SuiteRunnerWorker.java:52)
  org.testng.SuiteRunnerWorker.run(SuiteRunnerWorker.java:86)
  org.testng.TestNG.runSuitesSequentially(TestNG.java:1301)
  org.testng.TestNG.runSuitesLocally(TestNG.java:1226)
  org.testng.TestNG.runSuites(TestNG.java:1144)
  org.testng.TestNG.run(TestNG.java:1115)
  org.testng.remote.AbstractRemoteTestNG.run(AbstractRemoteTestNG.java:114)
  org.testng.remote.RemoteTestNG.initAndRun(RemoteTestNG.java:251)
  org.testng.remote.RemoteTestNG.main(RemoteTestNG.java:77)
]]>
      </failure>

          </testcase>
  
  
  
</testsuite>
